[T 09:54:08 9416] Initializing tracer.
[T 09:54:08 9416] Initializing tags.
[T 09:54:08 9416] CodeQL CLI version 2.24.3
[T 09:54:08 9416] Initializing tracer.
[T 09:54:08 9416] Initializing tags.
[T 09:54:08 9416] Allocated ID AD4EA4E7000024C8_0000000000000001 (parent )
[T 09:54:08 9416] ==== Candidate to intercept: D:\tools_D\java\codeql-win64\codeql\tools\win64\runner.exe (8888) ====
[T 09:54:08 9416] Executing the following tracer actions:
[T 09:54:08 9416] Tracer actions:
[T 09:54:08 9416] pre_invocations(0)
[T 09:54:08 9416] post_invocations(0)
[T 09:54:08 9416] trace_languages(1): [go]
[T 09:54:08 8888] Initializing tracer.
[T 09:54:08 8888] Initializing tags.
[T 09:54:08 8888] ID set to AD4EA4E7000024C8_0000000000000001 (parent root)
[T 09:54:08 8888] Allocated ID 661B91B3000022B8_0000000000000001 (parent AD4EA4E7000024C8_0000000000000001)
[T 09:54:08 8888] ==== Candidate to intercept: C:\Windows\System32\cmd.exe (19744) ====
[T 09:54:08 8888] Executing the following tracer actions:
[T 09:54:08 8888] Tracer actions:
[T 09:54:08 8888] pre_invocations(0)
[T 09:54:08 8888] post_invocations(0)
[T 09:54:08 8888] trace_languages(1): [go]
[T 09:54:08 19744] Initializing tracer.
[T 09:54:08 19744] Initializing tags.
[T 09:54:08 19744] ID set to 661B91B3000022B8_0000000000000001 (parent AD4EA4E7000024C8_0000000000000001)
[T 09:54:08 19744] Allocated ID EBE7B0AF00004D20_0000000000000001 (parent 661B91B3000022B8_0000000000000001)
[T 09:54:08 19744] ==== Candidate to intercept: D:\tools_D\java\codeql-win64\codeql\go\tools\win64\go-autobuilder.exe (19732) ====
[T 09:54:08 19744] Lua: === Intercepted call to d:\tools_d\java\codeql-win64\codeql\go\tools\win64\go-autobuilder.exe ===
[T 09:54:08 19744] Lua: Disabling tracing for language go.
[T 09:54:08 19744] Executing the following tracer actions:
[T 09:54:08 19744] Tracer actions:
[T 09:54:08 19744] pre_invocations(0)
[T 09:54:08 19744] post_invocations(0)
[T 09:54:08 19744] trace_languages(0): []
[T 09:54:08 19732] Initializing tracer.
[T 09:54:08 19732] Initializing tags.
[T 09:54:08 19732] ID set to EBE7B0AF00004D20_0000000000000001 (parent 661B91B3000022B8_0000000000000001)
[T 09:54:08 19732] Skipping tracer hook installation due to rpc being absent, or it being disabled.

