[2026-04-13 17:54:22] This is codeql database index-files --working-dir=. --include-extension=.htm --include-extension=.html --include-extension=.xhtm --include-extension=.xhtml --include-extension=.vue --also-match-lgtm-index-filters --size-limit 10m --language html -- D:\tools_D\codeql-\output\1\db
[2026-04-13 17:54:22] Log file was started late.
[2026-04-13 17:54:22] Using index-files script D:\tools_D\java\codeql-win64\codeql\html\tools\index-files.cmd.
[2026-04-13 17:54:22] [PROGRESS] database index-files> Scanning for files in D:\tools_D\codeql-\output\1\src...
[2026-04-13 17:54:22] Calling plumbing command: codeql resolve files --include-extension=.htm --include-extension=.html --include-extension=.xhtm --include-extension=.xhtml --include-extension=.vue --also-match-lgtm-index-filters --size-limit=10m D:\tools_D\codeql-\output\1\src --format=json
[2026-04-13 17:54:22] [PROGRESS] resolve files> Scanning D:\tools_D\codeql-\output\1\src...
[2026-04-13 17:54:22] [PROGRESS] resolve files> Scanning D:\tools_D\codeql-\output\1\src\.git...
[2026-04-13 17:54:22] [PROGRESS] resolve files> Scanning D:\tools_D\codeql-\output\1\src\.git\hooks...
[2026-04-13 17:54:22] [PROGRESS] resolve files> Scanning D:\tools_D\codeql-\output\1\src\.git\info...
[2026-04-13 17:54:22] [PROGRESS] resolve files> Scanning D:\tools_D\codeql-\output\1\src\.git\logs...
[2026-04-13 17:54:22] [PROGRESS] resolve files> Scanning D:\tools_D\codeql-\output\1\src\.git\logs\refs...
[2026-04-13 17:54:22] [PROGRESS] resolve files> Scanning D:\tools_D\codeql-\output\1\src\.git\logs\refs\heads...
[2026-04-13 17:54:22] [PROGRESS] resolve files> Scanning D:\tools_D\codeql-\output\1\src\.git\logs\refs\remotes...
[2026-04-13 17:54:22] [PROGRESS] resolve files> Scanning D:\tools_D\codeql-\output\1\src\.git\logs\refs\remotes\origin...
[2026-04-13 17:54:22] [PROGRESS] resolve files> Scanning D:\tools_D\codeql-\output\1\src\.git\objects...
[2026-04-13 17:54:22] [PROGRESS] resolve files> Scanning D:\tools_D\codeql-\output\1\src\.git\objects\info...
[2026-04-13 17:54:22] [PROGRESS] resolve files> Scanning D:\tools_D\codeql-\output\1\src\.git\objects\pack...
[2026-04-13 17:54:22] [PROGRESS] resolve files> Scanning D:\tools_D\codeql-\output\1\src\.git\refs...
[2026-04-13 17:54:22] [PROGRESS] resolve files> Scanning D:\tools_D\codeql-\output\1\src\.git\refs\heads...
[2026-04-13 17:54:22] [PROGRESS] resolve files> Scanning D:\tools_D\codeql-\output\1\src\.git\refs\remotes...
[2026-04-13 17:54:22] [PROGRESS] resolve files> Scanning D:\tools_D\codeql-\output\1\src\.git\refs\remotes\origin...
[2026-04-13 17:54:22] [PROGRESS] resolve files> Scanning D:\tools_D\codeql-\output\1\src\.git\refs\tags...
[2026-04-13 17:54:22] [PROGRESS] resolve files> Scanning D:\tools_D\codeql-\output\1\src\cmd...
[2026-04-13 17:54:22] [PROGRESS] resolve files> Scanning D:\tools_D\codeql-\output\1\src\cmd\server...
[2026-04-13 17:54:22] [PROGRESS] resolve files> Scanning D:\tools_D\codeql-\output\1\src\configs...
[2026-04-13 17:54:22] [PROGRESS] resolve files> Scanning D:\tools_D\codeql-\output\1\src\internal...
[2026-04-13 17:54:22] [PROGRESS] resolve files> Scanning D:\tools_D\codeql-\output\1\src\internal\config...
[2026-04-13 17:54:22] [PROGRESS] resolve files> Scanning D:\tools_D\codeql-\output\1\src\internal\handler...
[2026-04-13 17:54:22] [PROGRESS] resolve files> Scanning D:\tools_D\codeql-\output\1\src\internal\model...
[2026-04-13 17:54:22] [PROGRESS] resolve files> Scanning D:\tools_D\codeql-\output\1\src\internal\scanner...
[2026-04-13 17:54:22] [PROGRESS] resolve files> Scanning D:\tools_D\codeql-\output\1\src\internal\scheduler...
[2026-04-13 17:54:22] [PROGRESS] resolve files> Scanning D:\tools_D\codeql-\output\1\src\internal\service...
[2026-04-13 17:54:22] [PROGRESS] resolve files> Scanning D:\tools_D\codeql-\output\1\src\output...
[2026-04-13 17:54:22] [PROGRESS] resolve files> Scanning D:\tools_D\codeql-\output\1\src\output\7...
[2026-04-13 17:54:22] [PROGRESS] resolve files> Scanning D:\tools_D\codeql-\output\1\src\output\7\db...
[2026-04-13 17:54:22] [PROGRESS] resolve files> Scanning D:\tools_D\codeql-\output\1\src\output\7\db\db-go...
[2026-04-13 17:54:22] [PROGRESS] resolve files> Scanning D:\tools_D\codeql-\output\1\src\output\7\db\db-go\default...
[2026-04-13 17:54:22] [PROGRESS] resolve files> Scanning D:\tools_D\codeql-\output\1\src\output\7\db\db-go\default\cache...
[2026-04-13 17:54:22] [PROGRESS] resolve files> Scanning D:\tools_D\codeql-\output\1\src\output\7\db\db-go\default\cache\cached-strings...
[2026-04-13 17:54:22] [PROGRESS] resolve files> Scanning D:\tools_D\codeql-\output\1\src\output\7\db\db-go\default\cache\cached-strings\pools...
[2026-04-13 17:54:22] [PROGRESS] resolve files> Scanning D:\tools_D\codeql-\output\1\src\output\7\db\db-go\default\cache\cached-strings\pools\0...
[2026-04-13 17:54:22] [PROGRESS] resolve files> Scanning D:\tools_D\codeql-\output\1\src\output\7\db\db-go\default\cache\cached-strings\pools\0\buckets...
[2026-04-13 17:54:22] [PROGRESS] resolve files> Scanning D:\tools_D\codeql-\output\1\src\output\7\db\db-go\default\cache\cached-strings\pools\0\ids1...
[2026-04-13 17:54:22] [PROGRESS] resolve files> Scanning D:\tools_D\codeql-\output\1\src\output\7\db\db-go\default\cache\cached-strings\pools\0\indices1...
[2026-04-13 17:54:22] [PROGRESS] resolve files> Scanning D:\tools_D\codeql-\output\1\src\output\7\db\db-go\default\cache\cached-strings\pools\0\metadata...
[2026-04-13 17:54:22] [PROGRESS] resolve files> Scanning D:\tools_D\codeql-\output\1\src\output\7\db\db-go\default\cache\cached-strings\pools\0\pageDump...
[2026-04-13 17:54:22] [PROGRESS] resolve files> Scanning D:\tools_D\codeql-\output\1\src\output\7\db\db-go\default\cache\cached-strings\tuple-pool...
[2026-04-13 17:54:22] [PROGRESS] resolve files> Scanning D:\tools_D\codeql-\output\1\src\output\7\db\db-go\default\cache\pages...
[2026-04-13 17:54:22] [PROGRESS] resolve files> Scanning D:\tools_D\codeql-\output\1\src\output\7\db\db-go\default\cache\predicates...
[2026-04-13 17:54:22] [PROGRESS] resolve files> Scanning D:\tools_D\codeql-\output\1\src\output\7\db\db-go\default\cache\relations...
[2026-04-13 17:54:22] [PROGRESS] resolve files> Scanning D:\tools_D\codeql-\output\1\src\output\7\db\db-go\default\pools...
[2026-04-13 17:54:22] [PROGRESS] resolve files> Scanning D:\tools_D\codeql-\output\1\src\output\7\db\db-go\default\pools\0...
[2026-04-13 17:54:22] [PROGRESS] resolve files> Scanning D:\tools_D\codeql-\output\1\src\output\7\db\db-go\default\pools\0\buckets...
[2026-04-13 17:54:22] [PROGRESS] resolve files> Scanning D:\tools_D\codeql-\output\1\src\output\7\db\db-go\default\pools\0\metadata...
[2026-04-13 17:54:22] [PROGRESS] resolve files> Scanning D:\tools_D\codeql-\output\1\src\output\7\db\db-go\default\pools\0\pageDump...
[2026-04-13 17:54:22] [PROGRESS] resolve files> Scanning D:\tools_D\codeql-\output\1\src\output\7\db\db-go\default\pools\1...
[2026-04-13 17:54:22] [PROGRESS] resolve files> Scanning D:\tools_D\codeql-\output\1\src\output\7\db\db-go\default\pools\1\buckets...
[2026-04-13 17:54:22] [PROGRESS] resolve files> Scanning D:\tools_D\codeql-\output\1\src\output\7\db\db-go\default\pools\1\ids1...
[2026-04-13 17:54:22] [PROGRESS] resolve files> Scanning D:\tools_D\codeql-\output\1\src\output\7\db\db-go\default\pools\1\indices1...
[2026-04-13 17:54:22] [PROGRESS] resolve files> Scanning D:\tools_D\codeql-\output\1\src\output\7\db\db-go\default\pools\1\metadata...
[2026-04-13 17:54:22] [PROGRESS] resolve files> Scanning D:\tools_D\codeql-\output\1\src\output\7\db\db-go\default\pools\1\pageDump...
[2026-04-13 17:54:22] [PROGRESS] resolve files> Scanning D:\tools_D\codeql-\output\1\src\output\7\db\diagnostic...
[2026-04-13 17:54:22] [PROGRESS] resolve files> Scanning D:\tools_D\codeql-\output\1\src\output\7\db\diagnostic\extractors...
[2026-04-13 17:54:22] [PROGRESS] resolve files> Scanning D:\tools_D\codeql-\output\1\src\output\7\db\diagnostic\extractors\go...
[2026-04-13 17:54:22] [PROGRESS] resolve files> Scanning D:\tools_D\codeql-\output\1\src\output\7\db\log...
[2026-04-13 17:54:22] [PROGRESS] resolve files> Scanning D:\tools_D\codeql-\output\1\src\output\7\db\results...
[2026-04-13 17:54:22] [PROGRESS] resolve files> Scanning D:\tools_D\codeql-\output\1\src\output\7\db\results\codeql...
[2026-04-13 17:54:22] [PROGRESS] resolve files> Scanning D:\tools_D\codeql-\output\1\src\output\7\db\results\codeql\go-queries...
[2026-04-13 17:54:22] [PROGRESS] resolve files> Scanning D:\tools_D\codeql-\output\1\src\output\7\db\results\codeql\go-queries\Diagnostics...
[2026-04-13 17:54:22] [PROGRESS] resolve files> Scanning D:\tools_D\codeql-\output\1\src\output\7\db\results\codeql\go-queries\Security...
[2026-04-13 17:54:22] [PROGRESS] resolve files> Scanning D:\tools_D\codeql-\output\1\src\output\7\db\results\codeql\go-queries\Security\CWE-020...
[2026-04-13 17:54:22] [PROGRESS] resolve files> Scanning D:\tools_D\codeql-\output\1\src\output\7\db\results\codeql\go-queries\Security\CWE-022...
[2026-04-13 17:54:22] [PROGRESS] resolve files> Scanning D:\tools_D\codeql-\output\1\src\output\7\db\results\codeql\go-queries\Security\CWE-078...
[2026-04-13 17:54:22] [PROGRESS] resolve files> Scanning D:\tools_D\codeql-\output\1\src\output\7\db\results\codeql\go-queries\Security\CWE-079...
[2026-04-13 17:54:22] [PROGRESS] resolve files> Scanning D:\tools_D\codeql-\output\1\src\output\7\db\results\codeql\go-queries\Security\CWE-089...
[2026-04-13 17:54:22] [PROGRESS] resolve files> Scanning D:\tools_D\codeql-\output\1\src\output\7\db\results\codeql\go-queries\Security\CWE-1004...
[2026-04-13 17:54:22] [PROGRESS] resolve files> Scanning D:\tools_D\codeql-\output\1\src\output\7\db\results\codeql\go-queries\Security\CWE-117...
[2026-04-13 17:54:22] [PROGRESS] resolve files> Scanning D:\tools_D\codeql-\output\1\src\output\7\db\results\codeql\go-queries\Security\CWE-190...
[2026-04-13 17:54:22] [PROGRESS] resolve files> Scanning D:\tools_D\codeql-\output\1\src\output\7\db\results\codeql\go-queries\Security\CWE-209...
[2026-04-13 17:54:22] [PROGRESS] resolve files> Scanning D:\tools_D\codeql-\output\1\src\output\7\db\results\codeql\go-queries\Security\CWE-295...
[2026-04-13 17:54:22] [PROGRESS] resolve files> Scanning D:\tools_D\codeql-\output\1\src\output\7\db\results\codeql\go-queries\Security\CWE-312...
[2026-04-13 17:54:22] [PROGRESS] resolve files> Scanning D:\tools_D\codeql-\output\1\src\output\7\db\results\codeql\go-queries\Security\CWE-322...
[2026-04-13 17:54:22] [PROGRESS] resolve files> Scanning D:\tools_D\codeql-\output\1\src\output\7\db\results\codeql\go-queries\Security\CWE-326...
[2026-04-13 17:54:22] [PROGRESS] resolve files> Scanning D:\tools_D\codeql-\output\1\src\output\7\db\results\codeql\go-queries\Security\CWE-327...
[2026-04-13 17:54:22] [PROGRESS] resolve files> Scanning D:\tools_D\codeql-\output\1\src\output\7\db\results\codeql\go-queries\Security\CWE-338...
[2026-04-13 17:54:22] [PROGRESS] resolve files> Scanning D:\tools_D\codeql-\output\1\src\output\7\db\results\codeql\go-queries\Security\CWE-347...
[2026-04-13 17:54:22] [PROGRESS] resolve files> Scanning D:\tools_D\codeql-\output\1\src\output\7\db\results\codeql\go-queries\Security\CWE-352...
[2026-04-13 17:54:22] [PROGRESS] resolve files> Scanning D:\tools_D\codeql-\output\1\src\output\7\db\results\codeql\go-queries\Security\CWE-601...
[2026-04-13 17:54:22] [PROGRESS] resolve files> Scanning D:\tools_D\codeql-\output\1\src\output\7\db\results\codeql\go-queries\Security\CWE-614...
[2026-04-13 17:54:22] [PROGRESS] resolve files> Scanning D:\tools_D\codeql-\output\1\src\output\7\db\results\codeql\go-queries\Security\CWE-640...
[2026-04-13 17:54:22] [PROGRESS] resolve files> Scanning D:\tools_D\codeql-\output\1\src\output\7\db\results\codeql\go-queries\Security\CWE-643...
[2026-04-13 17:54:22] [PROGRESS] resolve files> Scanning D:\tools_D\codeql-\output\1\src\output\7\db\results\codeql\go-queries\Security\CWE-681...
[2026-04-13 17:54:22] [PROGRESS] resolve files> Scanning D:\tools_D\codeql-\output\1\src\output\7\db\results\codeql\go-queries\Security\CWE-770...
[2026-04-13 17:54:22] [PROGRESS] resolve files> Scanning D:\tools_D\codeql-\output\1\src\output\7\db\results\codeql\go-queries\Security\CWE-918...
[2026-04-13 17:54:22] [PROGRESS] resolve files> Scanning D:\tools_D\codeql-\output\1\src\output\7\db\results\codeql\go-queries\Summary...
[2026-04-13 17:54:22] [PROGRESS] resolve files> Scanning D:\tools_D\codeql-\output\1\src\output\7\src...
[2026-04-13 17:54:22] [PROGRESS] resolve files> Scanning D:\tools_D\codeql-\output\1\src\web...
[2026-04-13 17:54:22] [PROGRESS] resolve files> Scanning D:\tools_D\codeql-\output\1\src\web\.vscode...
[2026-04-13 17:54:22] [PROGRESS] resolve files> Scanning D:\tools_D\codeql-\output\1\src\web\public...
[2026-04-13 17:54:22] [PROGRESS] resolve files> Scanning D:\tools_D\codeql-\output\1\src\web\src...
[2026-04-13 17:54:22] [PROGRESS] resolve files> Scanning D:\tools_D\codeql-\output\1\src\web\src\api...
[2026-04-13 17:54:22] [PROGRESS] resolve files> Scanning D:\tools_D\codeql-\output\1\src\web\src\assets...
[2026-04-13 17:54:22] [PROGRESS] resolve files> Scanning D:\tools_D\codeql-\output\1\src\web\src\components...
[2026-04-13 17:54:22] [PROGRESS] resolve files> Scanning D:\tools_D\codeql-\output\1\src\web\src\layout...
[2026-04-13 17:54:22] [PROGRESS] resolve files> Scanning D:\tools_D\codeql-\output\1\src\web\src\router...
[2026-04-13 17:54:22] [PROGRESS] resolve files> Scanning D:\tools_D\codeql-\output\1\src\web\src\views...
[2026-04-13 17:54:22] [PROGRESS] resolve files> Scanning D:\tools_D\codeql-\output\1\src\web\src\views\dashboard...
[2026-04-13 17:54:22] [PROGRESS] resolve files> Scanning D:\tools_D\codeql-\output\1\src\web\src\views\repo...
[2026-04-13 17:54:22] [PROGRESS] resolve files> Scanning D:\tools_D\codeql-\output\1\src\web\src\views\scan...
[2026-04-13 17:54:22] Plumbing command codeql resolve files completed:
                      [
                        "D:\\tools_D\\codeql-\\output\\1\\src\\web\\index.html",
                        "D:\\tools_D\\codeql-\\output\\1\\src\\web\\src\\App.vue",
                        "D:\\tools_D\\codeql-\\output\\1\\src\\web\\src\\components\\HelloWorld.vue",
                        "D:\\tools_D\\codeql-\\output\\1\\src\\web\\src\\layout\\MainLayout.vue",
                        "D:\\tools_D\\codeql-\\output\\1\\src\\web\\src\\views\\dashboard\\index.vue",
                        "D:\\tools_D\\codeql-\\output\\1\\src\\web\\src\\views\\repo\\RepoList.vue",
                        "D:\\tools_D\\codeql-\\output\\1\\src\\web\\src\\views\\scan\\ScanTasks.vue"
                      ]
[2026-04-13 17:54:22] [DETAILS] database index-files> Found 7 files.
[2026-04-13 17:54:22] [PROGRESS] database index-files> D:\tools_D\codeql-\output\1\db: Indexing files in in D:\tools_D\codeql-\output\1\src...
[2026-04-13 17:54:22] Using index-files script D:\tools_D\java\codeql-win64\codeql\html\tools\index-files.cmd.
[2026-04-13 17:54:22] [PROGRESS] database index-files> Running command in D:\tools_D\codeql-\output\1\src: [D:\tools_D\java\codeql-win64\codeql\html\tools\index-files.cmd, D:\tools_D\codeql-\output\1\db\working\files-to-index4229529592254436282.list]
[2026-04-13 17:54:23] Terminating normally.
