[2026-04-13 18:09:28] This is codeql database index-files --working-dir=. --include-extension=.htm --include-extension=.html --include-extension=.xhtm --include-extension=.xhtml --include-extension=.vue --also-match-lgtm-index-filters --size-limit 10m --language html -- D:\tools_D\codeql-\output\2\db
[2026-04-13 18:09:28] Log file was started late.
[2026-04-13 18:09:28] Using index-files script D:\tools_D\java\codeql-win64\codeql\html\tools\index-files.cmd.
[2026-04-13 18:09:28] [PROGRESS] database index-files> Scanning for files in D:\tools_D\codeql-\output\2\src...
[2026-04-13 18:09:28] Calling plumbing command: codeql resolve files --include-extension=.htm --include-extension=.html --include-extension=.xhtm --include-extension=.xhtml --include-extension=.vue --also-match-lgtm-index-filters --size-limit=10m D:\tools_D\codeql-\output\2\src --format=json
[2026-04-13 18:09:28] [PROGRESS] resolve files> Scanning D:\tools_D\codeql-\output\2\src...
[2026-04-13 18:09:28] [PROGRESS] resolve files> Scanning D:\tools_D\codeql-\output\2\src\.git...
[2026-04-13 18:09:28] [PROGRESS] resolve files> Scanning D:\tools_D\codeql-\output\2\src\.git\hooks...
[2026-04-13 18:09:28] [PROGRESS] resolve files> Scanning D:\tools_D\codeql-\output\2\src\.git\info...
[2026-04-13 18:09:28] [PROGRESS] resolve files> Scanning D:\tools_D\codeql-\output\2\src\.git\logs...
[2026-04-13 18:09:28] [PROGRESS] resolve files> Scanning D:\tools_D\codeql-\output\2\src\.git\logs\refs...
[2026-04-13 18:09:28] [PROGRESS] resolve files> Scanning D:\tools_D\codeql-\output\2\src\.git\logs\refs\heads...
[2026-04-13 18:09:28] [PROGRESS] resolve files> Scanning D:\tools_D\codeql-\output\2\src\.git\logs\refs\remotes...
[2026-04-13 18:09:28] [PROGRESS] resolve files> Scanning D:\tools_D\codeql-\output\2\src\.git\logs\refs\remotes\origin...
[2026-04-13 18:09:28] [PROGRESS] resolve files> Scanning D:\tools_D\codeql-\output\2\src\.git\objects...
[2026-04-13 18:09:28] [PROGRESS] resolve files> Scanning D:\tools_D\codeql-\output\2\src\.git\objects\info...
[2026-04-13 18:09:28] [PROGRESS] resolve files> Scanning D:\tools_D\codeql-\output\2\src\.git\objects\pack...
[2026-04-13 18:09:28] [PROGRESS] resolve files> Scanning D:\tools_D\codeql-\output\2\src\.git\refs...
[2026-04-13 18:09:28] [PROGRESS] resolve files> Scanning D:\tools_D\codeql-\output\2\src\.git\refs\heads...
[2026-04-13 18:09:28] [PROGRESS] resolve files> Scanning D:\tools_D\codeql-\output\2\src\.git\refs\remotes...
[2026-04-13 18:09:28] [PROGRESS] resolve files> Scanning D:\tools_D\codeql-\output\2\src\.git\refs\remotes\origin...
[2026-04-13 18:09:28] [PROGRESS] resolve files> Scanning D:\tools_D\codeql-\output\2\src\.git\refs\tags...
[2026-04-13 18:09:28] [PROGRESS] resolve files> Scanning D:\tools_D\codeql-\output\2\src\backend...
[2026-04-13 18:09:28] [PROGRESS] resolve files> Scanning D:\tools_D\codeql-\output\2\src\backend\async_tasks...
[2026-04-13 18:09:28] [PROGRESS] resolve files> Scanning D:\tools_D\codeql-\output\2\src\backend\config...
[2026-04-13 18:09:28] [PROGRESS] resolve files> Scanning D:\tools_D\codeql-\output\2\src\backend\cronJobs...
[2026-04-13 18:09:28] [PROGRESS] resolve files> Scanning D:\tools_D\codeql-\output\2\src\backend\docs...
[2026-04-13 18:09:28] [PROGRESS] resolve files> Scanning D:\tools_D\codeql-\output\2\src\backend\handler...
[2026-04-13 18:09:28] [PROGRESS] resolve files> Scanning D:\tools_D\codeql-\output\2\src\backend\k8s...
[2026-04-13 18:09:28] [PROGRESS] resolve files> Scanning D:\tools_D\codeql-\output\2\src\backend\logs...
[2026-04-13 18:09:28] [PROGRESS] resolve files> Scanning D:\tools_D\codeql-\output\2\src\backend\middleware...
[2026-04-13 18:09:28] [PROGRESS] resolve files> Scanning D:\tools_D\codeql-\output\2\src\backend\model...
[2026-04-13 18:09:28] [PROGRESS] resolve files> Scanning D:\tools_D\codeql-\output\2\src\backend\route...
[2026-04-13 18:09:28] [PROGRESS] resolve files> Scanning D:\tools_D\codeql-\output\2\src\backend\util...
[2026-04-13 18:09:28] [PROGRESS] resolve files> Scanning D:\tools_D\codeql-\output\2\src\backend\util\locks...
[2026-04-13 18:09:28] [PROGRESS] resolve files> Scanning D:\tools_D\codeql-\output\2\src\backend\util\zaphelper...
[2026-04-13 18:09:28] [PROGRESS] resolve files> Scanning D:\tools_D\codeql-\output\2\src\docs...
[2026-04-13 18:09:28] [PROGRESS] resolve files> Scanning D:\tools_D\codeql-\output\2\src\docs\api...
[2026-04-13 18:09:28] [PROGRESS] resolve files> Scanning D:\tools_D\codeql-\output\2\src\frontend...
[2026-04-13 18:09:28] [PROGRESS] resolve files> Scanning D:\tools_D\codeql-\output\2\src\frontend\apps...
[2026-04-13 18:09:28] [PROGRESS] resolve files> Scanning D:\tools_D\codeql-\output\2\src\frontend\apps\admin...
[2026-04-13 18:09:28] [PROGRESS] resolve files> Scanning D:\tools_D\codeql-\output\2\src\frontend\apps\admin\vue-admin...
[2026-04-13 18:09:28] [PROGRESS] resolve files> Scanning D:\tools_D\codeql-\output\2\src\frontend\apps\admin\vue-admin\dist...
[2026-04-13 18:09:28] [PROGRESS] resolve files> Scanning D:\tools_D\codeql-\output\2\src\frontend\apps\admin\vue-admin\dist\assets...
[2026-04-13 18:09:28] [PROGRESS] resolve files> Scanning D:\tools_D\codeql-\output\2\src\frontend\apps\admin\vue-admin\src...
[2026-04-13 18:09:28] [PROGRESS] resolve files> Scanning D:\tools_D\codeql-\output\2\src\frontend\apps\admin\vue-admin\src\router...
[2026-04-13 18:09:28] [PROGRESS] resolve files> Scanning D:\tools_D\codeql-\output\2\src\frontend\apps\admin\vue-admin\src\views...
[2026-04-13 18:09:28] [PROGRESS] resolve files> Scanning D:\tools_D\codeql-\output\2\src\frontend\apps\player...
[2026-04-13 18:09:28] [PROGRESS] resolve files> Scanning D:\tools_D\codeql-\output\2\src\frontend\apps\player\1...
[2026-04-13 18:09:28] [PROGRESS] resolve files> Scanning D:\tools_D\codeql-\output\2\src\frontend\apps\player\vue-player...
[2026-04-13 18:09:28] [PROGRESS] resolve files> Scanning D:\tools_D\codeql-\output\2\src\frontend\apps\player\vue-player\dist...
[2026-04-13 18:09:28] [PROGRESS] resolve files> Scanning D:\tools_D\codeql-\output\2\src\frontend\apps\player\vue-player\dist\assets...
[2026-04-13 18:09:28] [PROGRESS] resolve files> Scanning D:\tools_D\codeql-\output\2\src\frontend\apps\player\vue-player\src...
[2026-04-13 18:09:28] [PROGRESS] resolve files> Scanning D:\tools_D\codeql-\output\2\src\frontend\apps\player\vue-player\src\api...
[2026-04-13 18:09:28] [PROGRESS] resolve files> Scanning D:\tools_D\codeql-\output\2\src\frontend\apps\player\vue-player\src\router...
[2026-04-13 18:09:28] [PROGRESS] resolve files> Scanning D:\tools_D\codeql-\output\2\src\frontend\apps\player\vue-player\src\views...
[2026-04-13 18:09:28] [PROGRESS] resolve files> Scanning D:\tools_D\codeql-\output\2\src\frontend\packages...
[2026-04-13 18:09:28] [PROGRESS] resolve files> Scanning D:\tools_D\codeql-\output\2\src\frontend\packages\shared-api...
[2026-04-13 18:09:28] [PROGRESS] resolve files> Scanning D:\tools_D\codeql-\output\2\src\frontend\packages\shared-api\src...
[2026-04-13 18:09:28] [PROGRESS] resolve files> Scanning D:\tools_D\codeql-\output\2\src\frontend\packages\shared-ui...
[2026-04-13 18:09:28] [PROGRESS] resolve files> Scanning D:\tools_D\codeql-\output\2\src\frontend\packages\shared-ui\src...
[2026-04-13 18:09:28] [PROGRESS] resolve files> Scanning D:\tools_D\codeql-\output\2\src\frontend\packages\shared-ui\src\components...
[2026-04-13 18:09:28] [PROGRESS] resolve files> Scanning D:\tools_D\codeql-\output\2\src\ops...
[2026-04-13 18:09:28] [PROGRESS] resolve files> Scanning D:\tools_D\codeql-\output\2\src\ops\nginx...
[2026-04-13 18:09:28] Plumbing command codeql resolve files completed:
                      [
                        "D:\\tools_D\\codeql-\\output\\2\\src\\frontend\\apps\\admin\\vue-admin\\dist\\index.html",
                        "D:\\tools_D\\codeql-\\output\\2\\src\\frontend\\apps\\admin\\vue-admin\\index.html",
                        "D:\\tools_D\\codeql-\\output\\2\\src\\frontend\\apps\\admin\\vue-admin\\src\\App.vue",
                        "D:\\tools_D\\codeql-\\output\\2\\src\\frontend\\apps\\admin\\vue-admin\\src\\views\\DashboardView.vue",
                        "D:\\tools_D\\codeql-\\output\\2\\src\\frontend\\apps\\admin\\vue-admin\\src\\views\\LoginView.vue",
                        "D:\\tools_D\\codeql-\\output\\2\\src\\frontend\\apps\\player\\1\\account.html",
                        "D:\\tools_D\\codeql-\\output\\2\\src\\frontend\\apps\\player\\1\\challenge.html",
                        "D:\\tools_D\\codeql-\\output\\2\\src\\frontend\\apps\\player\\1\\index.html",
                        "D:\\tools_D\\codeql-\\output\\2\\src\\frontend\\apps\\player\\1\\setting.html",
                        "D:\\tools_D\\codeql-\\output\\2\\src\\frontend\\apps\\player\\1\\team.html",
                        "D:\\tools_D\\codeql-\\output\\2\\src\\frontend\\apps\\player\\vue-player\\dist\\index.html",
                        "D:\\tools_D\\codeql-\\output\\2\\src\\frontend\\apps\\player\\vue-player\\index.html",
                        "D:\\tools_D\\codeql-\\output\\2\\src\\frontend\\apps\\player\\vue-player\\src\\App.vue",
                        "D:\\tools_D\\codeql-\\output\\2\\src\\frontend\\apps\\player\\vue-player\\src\\views\\ChallengeView.vue",
                        "D:\\tools_D\\codeql-\\output\\2\\src\\frontend\\apps\\player\\vue-player\\src\\views\\HomeView.vue",
                        "D:\\tools_D\\codeql-\\output\\2\\src\\frontend\\apps\\player\\vue-player\\src\\views\\LoginView.vue",
                        "D:\\tools_D\\codeql-\\output\\2\\src\\frontend\\apps\\player\\vue-player\\src\\views\\SettingsView.vue",
                        "D:\\tools_D\\codeql-\\output\\2\\src\\frontend\\apps\\player\\vue-player\\src\\views\\TeamView.vue",
                        "D:\\tools_D\\codeql-\\output\\2\\src\\frontend\\packages\\shared-ui\\src\\components\\AppShell.vue"
                      ]
[2026-04-13 18:09:28] [DETAILS] database index-files> Found 19 files.
[2026-04-13 18:09:29] [PROGRESS] database index-files> D:\tools_D\codeql-\output\2\db: Indexing files in in D:\tools_D\codeql-\output\2\src...
[2026-04-13 18:09:29] Using index-files script D:\tools_D\java\codeql-win64\codeql\html\tools\index-files.cmd.
[2026-04-13 18:09:29] [PROGRESS] database index-files> Running command in D:\tools_D\codeql-\output\2\src: [D:\tools_D\java\codeql-win64\codeql\html\tools\index-files.cmd, D:\tools_D\codeql-\output\2\db\working\files-to-index2435432668542004291.list]
[2026-04-13 18:09:29] Terminating normally.
