[T 07:00:03 35484] Initializing tracer.
[T 07:00:03 35484] Initializing tags.
[T 07:00:03 35484] CodeQL CLI version 2.24.3
[T 07:00:03 35484] Initializing tracer.
[T 07:00:03 35484] Initializing tags.
[T 07:00:03 35484] Allocated ID F7B4B7CA00008A9C_0000000000000001 (parent )
[T 07:00:03 35484] ==== Candidate to intercept: D:\tools_D\java\codeql-win64\codeql\tools\win64\runner.exe (22756) ====
[T 07:00:03 35484] Executing the following tracer actions:
[T 07:00:03 35484] Tracer actions:
[T 07:00:03 35484] pre_invocations(0)
[T 07:00:03 35484] post_invocations(0)
[T 07:00:03 35484] trace_languages(1): [go]
[T 07:00:03 22756] Initializing tracer.
[T 07:00:03 22756] Initializing tags.
[T 07:00:03 22756] ID set to F7B4B7CA00008A9C_0000000000000001 (parent root)
[T 07:00:03 22756] Allocated ID 14C5B615000058E4_0000000000000001 (parent F7B4B7CA00008A9C_0000000000000001)
[T 07:00:03 22756] ==== Candidate to intercept: C:\Windows\System32\cmd.exe (20812) ====
[T 07:00:03 22756] Executing the following tracer actions:
[T 07:00:03 22756] Tracer actions:
[T 07:00:03 22756] pre_invocations(0)
[T 07:00:03 22756] post_invocations(0)
[T 07:00:03 22756] trace_languages(1): [go]
[T 07:00:03 20812] Initializing tracer.
[T 07:00:03 20812] Initializing tags.
[T 07:00:03 20812] ID set to 14C5B615000058E4_0000000000000001 (parent F7B4B7CA00008A9C_0000000000000001)
[T 07:00:04 20812] Allocated ID 39B073ED0000514C_0000000000000001 (parent 14C5B615000058E4_0000000000000001)
[T 07:00:04 20812] ==== Candidate to intercept: D:\tools_D\java\codeql-win64\codeql\go\tools\win64\go-autobuilder.exe (29212) ====
[T 07:00:04 20812] Lua: === Intercepted call to d:\tools_d\java\codeql-win64\codeql\go\tools\win64\go-autobuilder.exe ===
[T 07:00:04 20812] Lua: Disabling tracing for language go.
[T 07:00:04 20812] Executing the following tracer actions:
[T 07:00:04 20812] Tracer actions:
[T 07:00:04 20812] pre_invocations(0)
[T 07:00:04 20812] post_invocations(0)
[T 07:00:04 20812] trace_languages(0): []
[T 07:00:04 29212] Initializing tracer.
[T 07:00:04 29212] Initializing tags.
[T 07:00:04 29212] ID set to 39B073ED0000514C_0000000000000001 (parent 14C5B615000058E4_0000000000000001)
[T 07:00:04 29212] Skipping tracer hook installation due to rpc being absent, or it being disabled.

